<?xml version="1.0" encoding="UTF-8"?>
<!-- Generated by org.testng.reporters.JUnitReportReporter -->
<testsuite skipped="0" hostname="stu147b1a" name="com.imooc.selenium.selenium.MusicCloudTest" tests="1" failures="0" timestamp="20 六月 2019 09:27:11 GMT" time="14.238" errors="0">
  <testcase name="f1" time="14.238" classname="com.imooc.selenium.selenium.MusicCloudTest"/>
</testsuite> <!-- com.imooc.selenium.selenium.MusicCloudTest -->
